# JRE version: 7.0_17-b02
# Java VM: Java HotSpot(TM) 64-Bit Server VM (23.7-b01 mixed mode windows-amd64 compressed oops)
Heap
 PSYoungGen      total 351104K, used 137377K [0x00000000dda00000, 0x00000000f6d60000, 0x0000000100000000)
  eden space 315456K, 43% used [0x00000000dda00000,0x00000000e60285a8,0x00000000f0e10000)
  from space 35648K, 0% used [0x00000000f3970000,0x00000000f3970000,0x00000000f5c40000)
  to   space 44416K, 0% used [0x00000000f0e10000,0x00000000f0e10000,0x00000000f3970000)
 ParOldGen       total 70400K, used 58800K [0x0000000098e00000, 0x000000009d2c0000, 0x00000000dda00000)
  object space 70400K, 83% used [0x0000000098e00000,0x000000009c76c1f0,0x000000009d2c0000)
 PSPermGen       total 56256K, used 33624K [0x0000000093c00000, 0x00000000972f0000, 0x0000000098e00000)
  object space 56256K, 59% used [0x0000000093c00000,0x0000000095cd6010,0x00000000972f0000)
GC Heap History (10 events):
Event: 14.349 GC heap before
{Heap before GC invocations=7 (full 0):
 PSYoungGen      total 114304K, used 113699K [0x00000000dda00000, 0x00000000e5540000, 0x0000000100000000)
  eden space 104896K, 100% used [0x00000000dda00000,0x00000000e4070000,0x00000000e4070000)
  from space 9408K, 93% used [0x00000000e4a70000,0x00000000e5308d40,0x00000000e53a0000)
  to   space 10240K, 0% used [0x00000000e4070000,0x00000000e4070000,0x00000000e4a70000)
 ParOldGen       total 70400K, used 10812K [0x0000000098e00000, 0x000000009d2c0000, 0x00000000dda00000)
  object space 70400K, 15% used [0x0000000098e00000,0x000000009988f158,0x000000009d2c0000)
 PSPermGen       total 27776K, used 27775K [0x0000000093c00000, 0x0000000095720000, 0x0000000098e00000)
  object space 27776K, 99% used [0x0000000093c00000,0x000000009571fd98,0x0000000095720000)
Event: 14.387 GC heap after
Heap after GC invocations=7 (full 0):
 PSYoungGen      total 115136K, used 10209K [0x00000000dda00000, 0x00000000ec940000, 0x0000000100000000)
  eden space 104896K, 0% used [0x00000000dda00000,0x00000000dda00000,0x00000000e4070000)
  from space 10240K, 99% used [0x00000000e4070000,0x00000000e4a68470,0x00000000e4a70000)
  to   space 17600K, 0% used [0x00000000eb810000,0x00000000eb810000,0x00000000ec940000)
 ParOldGen       total 70400K, used 23085K [0x0000000098e00000, 0x000000009d2c0000, 0x00000000dda00000)
  object space 70400K, 32% used [0x0000000098e00000,0x000000009a48b6f8,0x000000009d2c0000)
 PSPermGen       total 27776K, used 27775K [0x0000000093c00000, 0x0000000095720000, 0x0000000098e00000)
  object space 27776K, 99% used [0x0000000093c00000,0x000000009571fd98,0x0000000095720000)
}
Event: 15.792 GC heap before
{Heap before GC invocations=8 (full 0):
 PSYoungGen      total 115136K, used 115105K [0x00000000dda00000, 0x00000000ec940000, 0x0000000100000000)
  eden space 104896K, 100% used [0x00000000dda00000,0x00000000e4070000,0x00000000e4070000)
  from space 10240K, 99% used [0x00000000e4070000,0x00000000e4a68470,0x00000000e4a70000)
  to   space 17600K, 0% used [0x00000000eb810000,0x00000000eb810000,0x00000000ec940000)
 ParOldGen       total 70400K, used 23085K [0x0000000098e00000, 0x000000009d2c0000, 0x00000000dda00000)
  object space 70400K, 32% used [0x0000000098e00000,0x000000009a48b6f8,0x000000009d2c0000)
 PSPermGen       total 27968K, used 27814K [0x0000000093c00000, 0x0000000095750000, 0x0000000098e00000)
  object space 27968K, 99% used [0x0000000093c00000,0x0000000095729ba0,0x0000000095750000)
Event: 15.901 GC heap after
Heap after GC invocations=8 (full 0):
 PSYoungGen      total 220224K, used 17579K [0x00000000dda00000, 0x00000000ed740000, 0x0000000100000000)
  eden space 202624K, 0% used [0x00000000dda00000,0x00000000dda00000,0x00000000e9fe0000)
  from space 17600K, 99% used [0x00000000eb810000,0x00000000ec93af48,0x00000000ec940000)
  to   space 24768K, 0% used [0x00000000e9fe0000,0x00000000e9fe0000,0x00000000eb810000)
 ParOldGen       total 70400K, used 33349K [0x0000000098e00000, 0x000000009d2c0000, 0x00000000dda00000)
  object space 70400K, 47% used [0x0000000098e00000,0x000000009ae91580,0x000000009d2c0000)
 PSPermGen       total 27968K, used 27814K [0x0000000093c00000, 0x0000000095750000, 0x0000000098e00000)
  object space 27968K, 99% used [0x0000000093c00000,0x0000000095729ba0,0x0000000095750000)
}
Event: 17.932 GC heap before
{Heap before GC invocations=9 (full 0):
 PSYoungGen      total 220224K, used 220203K [0x00000000dda00000, 0x00000000ed740000, 0x0000000100000000)
  eden space 202624K, 100% used [0x00000000dda00000,0x00000000e9fe0000,0x00000000e9fe0000)
  from space 17600K, 99% used [0x00000000eb810000,0x00000000ec93af48,0x00000000ec940000)
  to   space 24768K, 0% used [0x00000000e9fe0000,0x00000000e9fe0000,0x00000000eb810000)
 ParOldGen       total 70400K, used 33349K [0x0000000098e00000, 0x000000009d2c0000, 0x00000000dda00000)
  object space 70400K, 47% used [0x0000000098e00000,0x000000009ae91580,0x000000009d2c0000)
 PSPermGen       total 27968K, used 27866K [0x0000000093c00000, 0x0000000095750000, 0x0000000098e00000)
  object space 27968K, 99% used [0x0000000093c00000,0x0000000095736880,0x0000000095750000)
Event: 18.073 GC heap after
Heap after GC invocations=9 (full 0):
 PSYoungGen      total 227392K, used 24760K [0x00000000dda00000, 0x00000000f5c40000, 0x0000000100000000)
  eden space 202624K, 0% used [0x00000000dda00000,0x00000000dda00000,0x00000000e9fe0000)
  from space 24768K, 99% used [0x00000000e9fe0000,0x00000000eb80e060,0x00000000eb810000)
  to   space 35648K, 0% used [0x00000000f3970000,0x00000000f3970000,0x00000000f5c40000)
 ParOldGen       total 70400K, used 50388K [0x0000000098e00000, 0x000000009d2c0000, 0x00000000dda00000)
  object space 70400K, 71% used [0x0000000098e00000,0x000000009bf351a8,0x000000009d2c0000)
 PSPermGen       total 27968K, used 27866K [0x0000000093c00000, 0x0000000095750000, 0x0000000098e00000)
  object space 27968K, 99% used [0x0000000093c00000,0x0000000095736880,0x0000000095750000)
}
Event: 20.929 GC heap before
{Heap before GC invocations=10 (full 0):
 PSYoungGen      total 227392K, used 227384K [0x00000000dda00000, 0x00000000f5c40000, 0x0000000100000000)
  eden space 202624K, 100% used [0x00000000dda00000,0x00000000e9fe0000,0x00000000e9fe0000)
  from space 24768K, 99% used [0x00000000e9fe0000,0x00000000eb80e060,0x00000000eb810000)
  to   space 35648K, 0% used [0x00000000f3970000,0x00000000f3970000,0x00000000f5c40000)
 ParOldGen       total 70400K, used 50388K [0x0000000098e00000, 0x000000009d2c0000, 0x00000000dda00000)
  object space 70400K, 71% used [0x0000000098e00000,0x000000009bf351a8,0x000000009d2c0000)
 PSPermGen       total 27968K, used 27875K [0x0000000093c00000, 0x0000000095750000, 0x0000000098e00000)
  object space 27968K, 99% used [0x0000000093c00000,0x0000000095738c98,0x0000000095750000)
Event: 21.025 GC heap after
Heap after GC invocations=10 (full 0):
 PSYoungGen      total 351104K, used 35625K [0x00000000dda00000, 0x00000000f6d60000, 0x0000000100000000)
  eden space 315456K, 0% used [0x00000000dda00000,0x00000000dda00000,0x00000000f0e10000)
  from space 35648K, 99% used [0x00000000f3970000,0x00000000f5c3a430,0x00000000f5c40000)
  to   space 44416K, 0% used [0x00000000f0e10000,0x00000000f0e10000,0x00000000f3970000)
 ParOldGen       total 70400K, used 58787K [0x0000000098e00000, 0x000000009d2c0000, 0x00000000dda00000)
  object space 70400K, 83% used [0x0000000098e00000,0x000000009c768e18,0x000000009d2c0000)
 PSPermGen       total 27968K, used 27875K [0x0000000093c00000, 0x0000000095750000, 0x0000000098e00000)
  object space 27968K, 99% used [0x0000000093c00000,0x0000000095738c98,0x0000000095750000)
}
Event: 21.025 GC heap before
{Heap before GC invocations=11 (full 1):
 PSYoungGen      total 351104K, used 35625K [0x00000000dda00000, 0x00000000f6d60000, 0x0000000100000000)
  eden space 315456K, 0% used [0x00000000dda00000,0x00000000dda00000,0x00000000f0e10000)
  from space 35648K, 99% used [0x00000000f3970000,0x00000000f5c3a430,0x00000000f5c40000)
  to   space 44416K, 0% used [0x00000000f0e10000,0x00000000f0e10000,0x00000000f3970000)
 ParOldGen       total 70400K, used 58787K [0x0000000098e00000, 0x000000009d2c0000, 0x00000000dda00000)
  object space 70400K, 83% used [0x0000000098e00000,0x000000009c768e18,0x000000009d2c0000)
 PSPermGen       total 27968K, used 27875K [0x0000000093c00000, 0x0000000095750000, 0x0000000098e00000)
  object space 27968K, 99% used [0x0000000093c00000,0x0000000095738c98,0x0000000095750000)
Event: 21.675 GC heap after
Heap after GC invocations=11 (full 1):
 PSYoungGen      total 351104K, used 0K [0x00000000dda00000, 0x00000000f6d60000, 0x0000000100000000)
  eden space 315456K, 0% used [0x00000000dda00000,0x00000000dda00000,0x00000000f0e10000)
  from space 35648K, 0% used [0x00000000f3970000,0x00000000f3970000,0x00000000f5c40000)
  to   space 44416K, 0% used [0x00000000f0e10000,0x00000000f0e10000,0x00000000f3970000)
 ParOldGen       total 70400K, used 58800K [0x0000000098e00000, 0x000000009d2c0000, 0x00000000dda00000)
  object space 70400K, 83% used [0x0000000098e00000,0x000000009c76c1f0,0x000000009d2c0000)
 PSPermGen       total 56256K, used 27862K [0x0000000093c00000, 0x00000000972f0000, 0x0000000098e00000)
  object space 56256K, 49% used [0x0000000093c00000,0x0000000095735a68,0x00000000972f0000)
}

