# JRE version: 7.0_17-b02
# Java VM: Java HotSpot(TM) 64-Bit Server VM (23.7-b01 mixed mode windows-amd64 compressed oops)
Heap
 PSYoungGen      total 273920K, used 146925K [0x00000000dda00000, 0x00000000f1c50000, 0x0000000100000000)
  eden space 244480K, 48% used [0x00000000dda00000,0x00000000e4cbf420,0x00000000ec8c0000)
  from space 29440K, 99% used [0x00000000eee30000,0x00000000f0aec300,0x00000000f0af0000)
  to   space 38336K, 0% used [0x00000000ec8c0000,0x00000000ec8c0000,0x00000000eee30000)
 ParOldGen       total 70400K, used 56534K [0x0000000098e00000, 0x000000009d2c0000, 0x00000000dda00000)
  object space 70400K, 80% used [0x0000000098e00000,0x000000009c535be0,0x000000009d2c0000)
 PSPermGen       total 28160K, used 28011K [0x0000000093c00000, 0x0000000095780000, 0x0000000098e00000)
  object space 28160K, 99% used [0x0000000093c00000,0x000000009575acc0,0x0000000095780000)
GC Heap History (10 events):
Event: 11.710 GC heap before
{Heap before GC invocations=8 (full 0):
 PSYoungGen      total 60992K, used 60974K [0x00000000dda00000, 0x00000000e54a0000, 0x0000000100000000)
  eden space 52864K, 100% used [0x00000000dda00000,0x00000000e0da0000,0x00000000e0da0000)
  from space 8128K, 99% used [0x00000000e0da0000,0x00000000e158b8a8,0x00000000e1590000)
  to   space 9920K, 0% used [0x00000000e4af0000,0x00000000e4af0000,0x00000000e54a0000)
 ParOldGen       total 70400K, used 11325K [0x0000000098e00000, 0x000000009d2c0000, 0x00000000dda00000)
  object space 70400K, 16% used [0x0000000098e00000,0x000000009990f580,0x000000009d2c0000)
 PSPermGen       total 21632K, used 21539K [0x0000000093c00000, 0x0000000095120000, 0x0000000098e00000)
  object space 21632K, 99% used [0x0000000093c00000,0x0000000095108fa0,0x0000000095120000)
Event: 11.768 GC heap after
Heap after GC invocations=8 (full 0):
 PSYoungGen      total 112128K, used 9893K [0x00000000dda00000, 0x00000000e5b80000, 0x0000000100000000)
  eden space 102208K, 0% used [0x00000000dda00000,0x00000000dda00000,0x00000000e3dd0000)
  from space 9920K, 99% used [0x00000000e4af0000,0x00000000e5499730,0x00000000e54a0000)
  to   space 13440K, 0% used [0x00000000e3dd0000,0x00000000e3dd0000,0x00000000e4af0000)
 ParOldGen       total 70400K, used 17085K [0x0000000098e00000, 0x000000009d2c0000, 0x00000000dda00000)
  object space 70400K, 24% used [0x0000000098e00000,0x0000000099eaf6f0,0x000000009d2c0000)
 PSPermGen       total 21632K, used 21539K [0x0000000093c00000, 0x0000000095120000, 0x0000000098e00000)
  object space 21632K, 99% used [0x0000000093c00000,0x0000000095108fa0,0x0000000095120000)
}
Event: 14.278 GC heap before
{Heap before GC invocations=9 (full 0):
 PSYoungGen      total 112128K, used 112101K [0x00000000dda00000, 0x00000000e5b80000, 0x0000000100000000)
  eden space 102208K, 100% used [0x00000000dda00000,0x00000000e3dd0000,0x00000000e3dd0000)
  from space 9920K, 99% used [0x00000000e4af0000,0x00000000e5499730,0x00000000e54a0000)
  to   space 13440K, 0% used [0x00000000e3dd0000,0x00000000e3dd0000,0x00000000e4af0000)
 ParOldGen       total 70400K, used 17085K [0x0000000098e00000, 0x000000009d2c0000, 0x00000000dda00000)
  object space 70400K, 24% used [0x0000000098e00000,0x0000000099eaf6f0,0x000000009d2c0000)
 PSPermGen       total 27968K, used 27808K [0x0000000093c00000, 0x0000000095750000, 0x0000000098e00000)
  object space 27968K, 99% used [0x0000000093c00000,0x00000000957280a8,0x0000000095750000)
Event: 14.319 GC heap after
Heap after GC invocations=9 (full 0):
 PSYoungGen      total 115648K, used 13426K [0x00000000dda00000, 0x00000000ea1e0000, 0x0000000100000000)
  eden space 102208K, 0% used [0x00000000dda00000,0x00000000dda00000,0x00000000e3dd0000)
  from space 13440K, 99% used [0x00000000e3dd0000,0x00000000e4aecb88,0x00000000e4af0000)
  to   space 20544K, 0% used [0x00000000e8dd0000,0x00000000e8dd0000,0x00000000ea1e0000)
 ParOldGen       total 70400K, used 30628K [0x0000000098e00000, 0x000000009d2c0000, 0x00000000dda00000)
  object space 70400K, 43% used [0x0000000098e00000,0x000000009abe90a0,0x000000009d2c0000)
 PSPermGen       total 27968K, used 27808K [0x0000000093c00000, 0x0000000095750000, 0x0000000098e00000)
  object space 27968K, 99% used [0x0000000093c00000,0x00000000957280a8,0x0000000095750000)
}
Event: 15.443 GC heap before
{Heap before GC invocations=10 (full 0):
 PSYoungGen      total 115648K, used 115634K [0x00000000dda00000, 0x00000000ea1e0000, 0x0000000100000000)
  eden space 102208K, 100% used [0x00000000dda00000,0x00000000e3dd0000,0x00000000e3dd0000)
  from space 13440K, 99% used [0x00000000e3dd0000,0x00000000e4aecb88,0x00000000e4af0000)
  to   space 20544K, 0% used [0x00000000e8dd0000,0x00000000e8dd0000,0x00000000ea1e0000)
 ParOldGen       total 70400K, used 30628K [0x0000000098e00000, 0x000000009d2c0000, 0x00000000dda00000)
  object space 70400K, 43% used [0x0000000098e00000,0x000000009abe90a0,0x000000009d2c0000)
 PSPermGen       total 27968K, used 27852K [0x0000000093c00000, 0x0000000095750000, 0x0000000098e00000)
  object space 27968K, 99% used [0x0000000093c00000,0x00000000957332b0,0x0000000095750000)
Event: 15.476 GC heap after
Heap after GC invocations=10 (full 0):
 PSYoungGen      total 178880K, used 20520K [0x00000000dda00000, 0x00000000eac20000, 0x0000000100000000)
  eden space 158336K, 0% used [0x00000000dda00000,0x00000000dda00000,0x00000000e74a0000)
  from space 20544K, 99% used [0x00000000e8dd0000,0x00000000ea1da3d8,0x00000000ea1e0000)
  to   space 25792K, 0% used [0x00000000e74a0000,0x00000000e74a0000,0x00000000e8dd0000)
 ParOldGen       total 70400K, used 37146K [0x0000000098e00000, 0x000000009d2c0000, 0x00000000dda00000)
  object space 70400K, 52% used [0x0000000098e00000,0x000000009b2468e8,0x000000009d2c0000)
 PSPermGen       total 27968K, used 27852K [0x0000000093c00000, 0x0000000095750000, 0x0000000098e00000)
  object space 27968K, 99% used [0x0000000093c00000,0x00000000957332b0,0x0000000095750000)
}
Event: 16.735 GC heap before
{Heap before GC invocations=11 (full 0):
 PSYoungGen      total 178880K, used 178856K [0x00000000dda00000, 0x00000000eac20000, 0x0000000100000000)
  eden space 158336K, 100% used [0x00000000dda00000,0x00000000e74a0000,0x00000000e74a0000)
  from space 20544K, 99% used [0x00000000e8dd0000,0x00000000ea1da3d8,0x00000000ea1e0000)
  to   space 25792K, 0% used [0x00000000e74a0000,0x00000000e74a0000,0x00000000e8dd0000)
 ParOldGen       total 70400K, used 37146K [0x0000000098e00000, 0x000000009d2c0000, 0x00000000dda00000)
  object space 70400K, 52% used [0x0000000098e00000,0x000000009b2468e8,0x000000009d2c0000)
 PSPermGen       total 27968K, used 27870K [0x0000000093c00000, 0x0000000095750000, 0x0000000098e00000)
  object space 27968K, 99% used [0x0000000093c00000,0x0000000095737a88,0x0000000095750000)
Event: 16.804 GC heap after
Heap after GC invocations=11 (full 0):
 PSYoungGen      total 184128K, used 25382K [0x00000000dda00000, 0x00000000f0af0000, 0x0000000100000000)
  eden space 158336K, 0% used [0x00000000dda00000,0x00000000dda00000,0x00000000e74a0000)
  from space 25792K, 98% used [0x00000000e74a0000,0x00000000e8d69930,0x00000000e8dd0000)
  to   space 29440K, 0% used [0x00000000eee30000,0x00000000eee30000,0x00000000f0af0000)
 ParOldGen       total 70400K, used 44424K [0x0000000098e00000, 0x000000009d2c0000, 0x00000000dda00000)
  object space 70400K, 63% used [0x0000000098e00000,0x000000009b9620d0,0x000000009d2c0000)
 PSPermGen       total 27968K, used 27870K [0x0000000093c00000, 0x0000000095750000, 0x0000000098e00000)
  object space 27968K, 99% used [0x0000000093c00000,0x0000000095737a88,0x0000000095750000)
}
Event: 18.164 GC heap before
{Heap before GC invocations=12 (full 0):
 PSYoungGen      total 184128K, used 183718K [0x00000000dda00000, 0x00000000f0af0000, 0x0000000100000000)
  eden space 158336K, 100% used [0x00000000dda00000,0x00000000e74a0000,0x00000000e74a0000)
  from space 25792K, 98% used [0x00000000e74a0000,0x00000000e8d69930,0x00000000e8dd0000)
  to   space 29440K, 0% used [0x00000000eee30000,0x00000000eee30000,0x00000000f0af0000)
 ParOldGen       total 70400K, used 44424K [0x0000000098e00000, 0x000000009d2c0000, 0x00000000dda00000)
  object space 70400K, 63% used [0x0000000098e00000,0x000000009b9620d0,0x000000009d2c0000)
 PSPermGen       total 27968K, used 27873K [0x0000000093c00000, 0x0000000095750000, 0x0000000098e00000)
  object space 27968K, 99% used [0x0000000093c00000,0x0000000095738770,0x0000000095750000)
Event: 18.232 GC heap after
Heap after GC invocations=12 (full 0):
 PSYoungGen      total 273920K, used 29424K [0x00000000dda00000, 0x00000000f1c50000, 0x0000000100000000)
  eden space 244480K, 0% used [0x00000000dda00000,0x00000000dda00000,0x00000000ec8c0000)
  from space 29440K, 99% used [0x00000000eee30000,0x00000000f0aec300,0x00000000f0af0000)
  to   space 38336K, 0% used [0x00000000ec8c0000,0x00000000ec8c0000,0x00000000eee30000)
 ParOldGen       total 70400K, used 56534K [0x0000000098e00000, 0x000000009d2c0000, 0x00000000dda00000)
  object space 70400K, 80% used [0x0000000098e00000,0x000000009c535be0,0x000000009d2c0000)
 PSPermGen       total 27968K, used 27873K [0x0000000093c00000, 0x0000000095750000, 0x0000000098e00000)
  object space 27968K, 99% used [0x0000000093c00000,0x0000000095738770,0x0000000095750000)
}

